<?xml version="1.0" encoding="UTF-8"?>
<!-- Generated by org.testng.reporters.JUnitReportReporter -->
<testsuite skipped="0" hostname="local" name="Scripts.Demo" tests="1" failures="0" timestamp="2020-01-09T08:26:50 IST" time="37.803" errors="0">
  <testcase name="testDemo" time="37.803" classname="Scripts.Demo"/>
</testsuite> <!-- Scripts.Demo -->
